<?xml version="1.0" encoding="UTF-8"?>
<!-- Generated by org.testng.reporters.JUnitReportReporter -->
<testsuite skipped="0" hostname="LAPTOP-VO828QCC" name="com.mercurytours.page.Run" tests="3" failures="0" timestamp="12 Oct 2020 04:32:56 GMT" time="18.975" errors="0">
  <testcase name="login" time="0.397" classname="com.mercurytours.page.Run"/>
  <testcase name="Flightbooking" time="4.428" classname="com.mercurytours.page.Run"/>
  <testcase name="finbrokenlinks" time="14.150" classname="com.mercurytours.page.Run"/>
</testsuite> <!-- com.mercurytours.page.Run -->
