<?xml version="1.0" encoding="UTF-8"?>
<!-- Generated by org.testng.reporters.JUnitReportReporter -->
<testsuite skipped="0" hostname="LAPTOP-VO828QCC" name="com.mercurytours.page.Run" tests="3" failures="0" timestamp="12 Oct 2020 04:52:44 GMT" time="16.216" errors="0">
  <testcase name="login" time="0.289" classname="com.mercurytours.page.Run"/>
  <testcase name="Flightbooking" time="4.760" classname="com.mercurytours.page.Run"/>
  <testcase name="finbrokenlinks" time="11.167" classname="com.mercurytours.page.Run"/>
</testsuite> <!-- com.mercurytours.page.Run -->
